[2025-08-14 08:20:00] INFO:  ✅ Server running at http://localhost:3001
[2025-08-14 08:20:17] INFO: GET, Hello endpoint was called
[2025-08-14 08:20:30] ERROR:  ❌ Shutdown attempt with incorrect token
[2025-08-14 08:20:41] ERROR:  ❌ Shutdown attempt with incorrect token
[2025-08-14 08:21:01] WARN: Server is shutting down
[2025-08-14 09:12:42] INFO:  ✅ Server running at http://localhost:3001
[2025-08-14 09:12:55] INFO: GET, Hello endpoint was called
[2025-08-15 15:19:13] INFO:  ✅ Server running at http://localhost:3001
[2025-08-15 15:35:56] INFO:  ✅ Server running at http://localhost:3001
[2025-08-15 15:38:31] WARN: Server is shutting down
[2025-08-15 15:40:43] INFO:  ✅ Server running at http://localhost:3001
[2025-08-15 15:46:39] INFO:  ✅ Server running at http://localhost:3001
[2025-08-15 16:33:34] INFO:  ✅ Server running at http://localhost:3001
[2025-08-15 16:45:41] INFO: GET, Hello endpoint was called
[2025-08-15 16:46:43] INFO:  ✅ Server running at http://localhost:3001
[2025-08-15 16:48:05] WARN: Server is shutting down
[2025-08-15 16:53:26] INFO:  ✅ Server running at http://localhost:3001
[2025-08-15 17:08:48] INFO:  ✅ Server running at http://localhost:3001
[2025-08-15 17:10:51] INFO:  ✅ Server running at http://localhost:3001
[2025-08-15 17:11:15] INFO:  ✅ Server running at http://localhost:3001
[2025-08-15 17:19:17] INFO:  ✅ Server running at http://localhost:3001
[2025-08-15 17:19:17] INFO:  ✅ Server running at http://localhost:3001
[2025-08-15 17:19:17] ERROR:  ❌ Error starting server: listen EADDRINUSE: address already in use :::3001
[2025-08-15 17:21:31] INFO:  ✅ Server running at http://localhost:3001
[2025-08-15 17:21:32] INFO:  ✅ Server running at http://localhost:3001
[2025-08-15 17:21:32] ERROR:  ❌ Error starting server: listen EADDRINUSE: address already in use :::3001
[2025-08-15 17:24:53] INFO:  ✅ Server running at http://localhost:3001
[2025-08-15 17:24:53] INFO:  ✅ Server running at http://localhost:3001
[2025-08-15 17:24:53] ERROR:  ❌ Error starting server: listen EADDRINUSE: address already in use :::3001
[2025-08-15 17:26:41] INFO:  ✅ Server running at http://localhost:3001
[2025-08-15 17:28:50] INFO:  ✅ Server running at http://localhost:3001
[2025-08-15 17:41:33] INFO:  ✅ Server running at http://localhost:3001
[2025-08-16 06:34:41] INFO:  ✅ Server running at http://localhost:3001
[2025-08-16 06:35:28] WARN: Server is shutting down
[2025-08-16 07:47:19] INFO:  ✅ Server running at http://localhost:3001
[2025-08-16 07:58:02] INFO:  ✅ Server running at http://localhost:3001
[2025-08-16 07:58:13] INFO: GET, Hello endpoint was called
[2025-08-16 07:59:00] WARN: Server is shutting down
[2025-08-16 07:59:05] INFO: ✅ HTTP server closed
[2025-08-16 07:59:06] INFO:  ✅ Server running at http://localhost:3001
[2025-08-16 07:59:56] WARN: Server is shutting down
[2025-08-16 08:00:01] INFO: ✅ HTTP server closed
[2025-08-16 08:00:01] INFO:  ✅ Server running at http://localhost:3001
[2025-08-16 08:03:09] WARN: Server is shutting down
[2025-08-16 08:03:14] INFO: ✅ HTTP server closed
[2025-08-16 08:03:15] INFO:  ✅ Server running at http://localhost:3001
[2025-08-16 08:04:16] WARN: Server is shutting down
[2025-08-16 08:04:17] WARN: Server is shutting down
[2025-08-16 08:04:18] WARN: Server is shutting down
[2025-08-16 08:04:19] WARN: Server is shutting down
[2025-08-16 08:04:19] WARN: Server is shutting down
[2025-08-16 08:04:20] WARN: Server is shutting down
[2025-08-16 08:04:20] WARN: Server is shutting down
[2025-08-16 08:04:25] INFO: ✅ HTTP server closed
[2025-08-16 08:04:26] INFO:  ✅ Server running at http://localhost:3001
[2025-08-16 08:05:45] INFO:  ✅ Server running at http://localhost:3001
[2025-08-16 08:06:05] INFO:  ✅ Server running at http://localhost:3001
[2025-08-16 08:06:10] INFO:  ✅ Server running at http://localhost:3001
[2025-08-16 08:06:25] INFO:  ✅ Server running at http://localhost:3001
[2025-08-16 08:06:38] INFO:  ✅ Server running at http://localhost:3001
[2025-08-16 08:07:02] INFO:  ✅ Server running at http://localhost:3001
[2025-08-16 08:10:56] INFO:  ✅ Server running at http://localhost:3001
[2025-08-16 08:11:33] WARN: Server is shutting down
[2025-08-16 08:11:38] INFO: ✅ HTTP server closed
[2025-08-16 08:11:38] INFO:  ✅ Server running at http://localhost:3001
[2025-08-16 08:11:43] WARN: Server is shutting down
[2025-08-16 08:11:48] INFO: ✅ HTTP server closed
[2025-08-16 08:11:49] INFO:  ✅ Server running at http://localhost:3001
[2025-08-16 08:21:46] INFO:  ✅ Server running at http://localhost:3001
[2025-08-16 08:22:01] INFO: GET, Hello endpoint was called
[2025-08-16 08:22:40] WARN: Server is shutting down
[2025-08-16 08:22:41] INFO:  ✅ Server running at http://localhost:3001
[2025-08-16 08:22:51] WARN: Server is shutting down
[2025-08-16 08:22:51] INFO:  ✅ Server running at http://localhost:3001
[2025-08-16 08:22:52] WARN: Server is shutting down
[2025-08-16 08:22:52] INFO:  ✅ Server running at http://localhost:3001
[2025-08-16 08:22:52] WARN: Server is shutting down
[2025-08-16 08:22:53] INFO:  ✅ Server running at http://localhost:3001
